[debug] [2023-09-08T14:24:49.822Z] ----------------------------------------------------------------------
[debug] [2023-09-08T14:24:49.824Z] Command:       C:\Program Files\nodejs\node.exe C:\Users\DELL\AppData\Roaming\npm\node_modules\firebase-tools\lib\bin\firebase.js init
[debug] [2023-09-08T14:24:49.825Z] CLI Version:   12.5.2
[debug] [2023-09-08T14:24:49.825Z] Platform:      win32
[debug] [2023-09-08T14:24:49.825Z] Node Version:  v18.16.0
[debug] [2023-09-08T14:24:49.827Z] Time:          Fri Sep 08 2023 15:24:49 GMT+0100 (West Africa Standard Time)
[debug] [2023-09-08T14:24:49.827Z] ----------------------------------------------------------------------
[debug] 
[debug] [2023-09-08T14:24:49.838Z] > command requires scopes: ["email","openid","https://www.googleapis.com/auth/cloudplatformprojects.readonly","https://www.googleapis.com/auth/firebase","https://www.googleapis.com/auth/cloud-platform"]
[debug] [2023-09-08T14:24:49.839Z] > authorizing via signed-in user (victorstanley2222@gmail.com)
[info] 
     ######## #### ########  ######## ########     ###     ######  ########
     ##        ##  ##     ## ##       ##     ##  ##   ##  ##       ##
     ######    ##  ########  ######   ########  #########  ######  ######
     ##        ##  ##    ##  ##       ##     ## ##     ##       ## ##
     ##       #### ##     ## ######## ########  ##     ##  ######  ########

You're about to initialize a Firebase project in this directory:

  C:\Users\DELL\test-react

[info] 
=== Project Setup
[info] 
[info] First, let's associate this project directory with a Firebase project.
[info] You can create multiple project aliases by running firebase use --add, 
[info] but for now we'll just set up a default project.
[info] 
[debug] [2023-09-08T14:28:11.821Z] >>> [apiv2][query] GET https://firebase.googleapis.com/v1beta1/projects pageSize=100
[debug] [2023-09-08T14:28:13.012Z] <<< [apiv2][status] GET https://firebase.googleapis.com/v1beta1/projects 200
[debug] [2023-09-08T14:28:13.012Z] <<< [apiv2][body] GET https://firebase.googleapis.com/v1beta1/projects [omitted]
[info] i  Using project chatapp-4033a (chatapp) 
[info] 
=== Hosting Setup
[info] 
[info] Your public directory is the folder (relative to your project directory) that
[info] will contain Hosting assets to be uploaded with firebase deploy. If you
[info] have a build process for your assets, use your build's output directory.
[info] 
[info] +  Wrote public/404.html 
[debug] [2023-09-08T14:29:52.445Z] >>> [apiv2][query] GET https://www.gstatic.com/firebasejs/releases.json [none]
[debug] [2023-09-08T14:29:53.136Z] <<< [apiv2][status] GET https://www.gstatic.com/firebasejs/releases.json 200
[debug] [2023-09-08T14:29:53.137Z] <<< [apiv2][body] GET https://www.gstatic.com/firebasejs/releases.json {"current":{"version":"10.3.1","browserURL":"https://www.gstatic.com/firebasejs/10.3.1/firebase.js","packageURL":"https://www.gstatic.com/firebasejs/10.3.1/firebase.tgz"},"live":{"version":"10.3","browserURL":"https://www.gstatic.com/firebasejs/live/10.3/firebase.js","packageURL":"https://www.gstatic.com/firebasejs/live/10.3/firebase.tgz"},"components":{"analytics":"https://www.gstatic.com/firebasejs/10.3.1/firebase-analytics.js","app":"https://www.gstatic.com/firebasejs/10.3.1/firebase-app.js","app-check":"https://www.gstatic.com/firebasejs/10.3.1/firebase-app-check.js","auth":"https://www.gstatic.com/firebasejs/10.3.1/firebase-auth.js","auth/cordova":"https://www.gstatic.com/firebasejs/10.3.1/firebase-auth/cordova.js","functions":"https://www.gstatic.com/firebasejs/10.3.1/firebase-functions.js","firestore":"https://www.gstatic.com/firebasejs/10.3.1/firebase-firestore.js","firestore/lite":"https://www.gstatic.com/firebasejs/10.3.1/firebase-firestore/lite.js","installations":"https://www.gstatic.com/firebasejs/10.3.1/firebase-installations.js","storage":"https://www.gstatic.com/firebasejs/10.3.1/firebase-storage.js","performance":"https://www.gstatic.com/firebasejs/10.3.1/firebase-performance.js","remote-config":"https://www.gstatic.com/firebasejs/10.3.1/firebase-remote-config.js","messaging":"https://www.gstatic.com/firebasejs/10.3.1/firebase-messaging.js","messaging/sw":"https://www.gstatic.com/firebasejs/10.3.1/firebase-messaging/sw.js","database":"https://www.gstatic.com/firebasejs/10.3.1/firebase-database.js","firestore.memory":"https://www.gstatic.com/firebasejs/10.3.1/firebase-firestore.memory.js"}}
[info] i  Skipping write of public/index.html 
[info] 
[info] i  Didn't detect a .git folder. Assuming C:\Users\DELL\test-react is the project root. 
[info] i  Authorizing with GitHub to upload your service account to a GitHub repository's secrets store. 
[info] 
[info] Visit this URL on this device to log in:
[info] https://github.com/login/oauth/authorize?client_id=89cf50f02ac6aaed3484&state=727316055&redirect_uri=http%3A%2F%2Flocalhost%3A9005&scope=read%3Auser%20repo%20public_repo
[info] 
[info] Waiting for authentication...
[debug] [2023-09-08T14:30:23.152Z] >>> [apiv2][query] POST https://github.com/login/oauth/access_token [none]
[debug] [2023-09-08T14:30:23.152Z] >>> [apiv2][body] POST https://github.com/login/oauth/access_token [stream]
[debug] [2023-09-08T14:30:24.092Z] <<< [apiv2][status] POST https://github.com/login/oauth/access_token 200
[debug] [2023-09-08T14:30:24.093Z] <<< [apiv2][body] POST https://github.com/login/oauth/access_token {"access_token":"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","token_type":"bearer","scope":"read:user,repo"}
[debug] [2023-09-08T14:30:24.143Z] >>> [apiv2][query] GET https://api.github.com/user [none]
[debug] [2023-09-08T14:30:24.849Z] <<< [apiv2][status] GET https://api.github.com/user 200
[debug] [2023-09-08T14:30:24.850Z] <<< [apiv2][body] GET https://api.github.com/user {"login":"Victor-Stan","id":131916090,"node_id":"U_kgDOB9zhOg","avatar_url":"https://avatars.githubusercontent.com/u/131916090?v=4","gravatar_id":"","url":"https://api.github.com/users/Victor-Stan","html_url":"https://github.com/Victor-Stan","followers_url":"https://api.github.com/users/Victor-Stan/followers","following_url":"https://api.github.com/users/Victor-Stan/following{/other_user}","gists_url":"https://api.github.com/users/Victor-Stan/gists{/gist_id}","starred_url":"https://api.github.com/users/Victor-Stan/starred{/owner}{/repo}","subscriptions_url":"https://api.github.com/users/Victor-Stan/subscriptions","organizations_url":"https://api.github.com/users/Victor-Stan/orgs","repos_url":"https://api.github.com/users/Victor-Stan/repos","events_url":"https://api.github.com/users/Victor-Stan/events{/privacy}","received_events_url":"https://api.github.com/users/Victor-Stan/received_events","type":"User","site_admin":false,"name":"Victor stanley","company":null,"blog":"","location":null,"email":null,"hireable":null,"bio":null,"twitter_username":null,"public_repos":7,"public_gists":0,"followers":0,"following":0,"created_at":"2023-04-26T20:20:14Z","updated_at":"2023-09-08T14:30:10Z","private_gists":0,"total_private_repos":0,"owned_private_repos":0,"disk_usage":397,"collaborators":0,"two_factor_authentication":false,"plan":{"name":"free","space":976562499,"collaborators":0,"private_repos":10000}}
[info] 
[info] +  Success! Logged into GitHub as Victor-Stan 
[info] 
